--------------------------------------------------------------------------------
Release 14.7 Trace  (nt64)
Copyright (c) 1995-2013 Xilinx, Inc.  All rights reserved.

C:\Xilinx\14.7\ISE_DS\ISE\bin\nt64\unwrapped\trce.exe -intstyle ise -v 3 -s 5
-n 3 -fastpaths -xml final3.twx final3.ncd -o final3.twr final3.pcf

Design file:              final3.ncd
Physical constraint file: final3.pcf
Device,package,speed:     xc3s50,pq208,-5 (PRODUCTION 1.39 2013-10-13)
Report level:             verbose report

Environment Variable      Effect 
--------------------      ------ 
NONE                      No environment variables were set
--------------------------------------------------------------------------------

INFO:Timing:2698 - No timing constraints found, doing default enumeration.
INFO:Timing:3412 - To improve timing, see the Timing Closure User Guide (UG612).
INFO:Timing:2752 - To get complete path coverage, use the unconstrained paths 
   option. All paths that are not constrained will be reported in the 
   unconstrained paths section(s) of the report.
INFO:Timing:3339 - The clock-to-out numbers in this timing report are based on 
   a 50 Ohm transmission line loading model.  For the details of this model, 
   and for more information on accounting for different loading conditions, 
   please see the device datasheet.
INFO:Timing:3390 - This architecture does not support a default System Jitter 
   value, please add SYSTEM_JITTER constraint to the UCF to modify the Clock 
   Uncertainty calculation.
INFO:Timing:3389 - This architecture does not support 'Discrete Jitter' and 
   'Phase Error' calculations, these terms will be zero in the Clock 
   Uncertainty calculation.  Please make appropriate modification to 
   SYSTEM_JITTER to account for the unsupported Discrete Jitter and Phase 
   Error.



Data Sheet report:
-----------------
All values displayed in nanoseconds (ns)

Pad to Pad
---------------+---------------+---------+
Source Pad     |Destination Pad|  Delay  |
---------------+---------------+---------+
m<0>           |y<0>           |   34.065|
m<0>           |y<1>           |   35.181|
m<0>           |y<2>           |   35.387|
m<1>           |y<0>           |   34.324|
m<1>           |y<1>           |   35.440|
m<1>           |y<2>           |   35.646|
m<2>           |y<0>           |   33.795|
m<2>           |y<1>           |   34.911|
m<2>           |y<2>           |   35.117|
m<3>           |y<0>           |   34.135|
m<3>           |y<1>           |   35.251|
m<3>           |y<2>           |   35.457|
m<4>           |y<0>           |   33.571|
m<4>           |y<1>           |   34.687|
m<4>           |y<2>           |   34.893|
m<5>           |y<0>           |   33.405|
m<5>           |y<1>           |   34.521|
m<5>           |y<2>           |   34.727|
---------------+---------------+---------+


Analysis completed Sun Jun 25 18:36:08 2023 
--------------------------------------------------------------------------------

Trace Settings:
-------------------------
Trace Settings 

Peak Memory Usage: 4471 MB



