Running: C:\Xilinx\14.7\ISE_DS\ISE\bin\nt64\unwrapped\fuse.exe -intstyle ise -incremental -o F:/purfard/LOGIC CIRCUITS FINAL PROJECT/final/final/test_final_isim_beh.exe -prj F:/purfard/LOGIC CIRCUITS FINAL PROJECT/final/final/test_final_beh.prj work.test_final 
ISim P.20131013 (signature 0x7708f090)
Number of CPUs detected in this system: 8
Turning on mult-threading, number of parallel sub-compilation jobs: 16 
Determining compilation order of HDL files
Parsing VHDL file "F:/purfard/LOGIC CIRCUITS FINAL PROJECT/final/final/final.vhd" into library work
Parsing VHDL file "F:/purfard/LOGIC CIRCUITS FINAL PROJECT/final/final/test_final.vhd" into library work
Starting static elaboration
Completed static elaboration
Compiling package standard
Compiling package std_logic_1164
Compiling package std_logic_arith
Compiling package std_logic_unsigned
Compiling architecture behavioral of entity final [final_default]
Compiling architecture behavior of entity test_final
Time Resolution for simulation is 1ps.
Waiting for 1 sub-compilation(s) to finish...
Compiled 7 VHDL Units
Built simulation executable F:/purfard/LOGIC CIRCUITS FINAL PROJECT/final/final/test_final_isim_beh.exe
Fuse Memory Usage: 34872 KB
Fuse CPU Usage: 343 ms
