Running: C:\Xilinx\14.7\ISE_DS\ISE\bin\nt64\unwrapped\fuse.exe -intstyle ise -incremental -lib secureip -o F:/purfard/LOGIC CIRCUITS FINAL PROJECT/final4/final4/decoder3to4_final_test_isim_beh.exe -prj F:/purfard/LOGIC CIRCUITS FINAL PROJECT/final4/final4/decoder3to4_final_test_beh.prj work.decoder3to4_final_test 
ISim P.20131013 (signature 0x7708f090)
Number of CPUs detected in this system: 8
Turning on mult-threading, number of parallel sub-compilation jobs: 16 
Determining compilation order of HDL files
Parsing VHDL file "F:/purfard/LOGIC CIRCUITS FINAL PROJECT/final4/final4/final4.vhd" into library work
Parsing VHDL file "F:/purfard/LOGIC CIRCUITS FINAL PROJECT/final4/final4/test_final4.vhd" into library work
Starting static elaboration
Completed static elaboration
Compiling package standard
Compiling package std_logic_1164
Compiling package std_logic_arith
Compiling package std_logic_unsigned
Compiling architecture behavioral of entity DECODER3TO4_FINAL [decoder3to4_final_default]
Compiling architecture behavior of entity decoder3to4_final_test
Time Resolution for simulation is 1ps.
Waiting for 1 sub-compilation(s) to finish...
Compiled 7 VHDL Units
Built simulation executable F:/purfard/LOGIC CIRCUITS FINAL PROJECT/final4/final4/decoder3to4_final_test_isim_beh.exe
Fuse Memory Usage: 34256 KB
Fuse CPU Usage: 312 ms
