Running: C:\Xilinx\14.7\ISE_DS\ISE\bin\nt64\unwrapped\fuse.exe -intstyle ise -incremental -o F:/purfard/LOGIC CIRCUITS FINAL PROJECT/final2/final2/testfinal2_isim_beh.exe -prj F:/purfard/LOGIC CIRCUITS FINAL PROJECT/final2/final2/testfinal2_beh.prj work.testfinal2 
ISim P.20131013 (signature 0x7708f090)
Number of CPUs detected in this system: 8
Turning on mult-threading, number of parallel sub-compilation jobs: 16 
Determining compilation order of HDL files
Parsing VHDL file "F:/purfard/LOGIC CIRCUITS FINAL PROJECT/final2/final2/final2.vhd" into library work
Parsing VHDL file "F:/purfard/LOGIC CIRCUITS FINAL PROJECT/final2/final2/testfinal2.vhd" into library work
Starting static elaboration
Completed static elaboration
Compiling package standard
Compiling package std_logic_1164
Compiling package std_logic_arith
Compiling package std_logic_unsigned
Compiling architecture behavioral of entity final2 [final2_default]
Compiling architecture behavior of entity testfinal2
Time Resolution for simulation is 1ps.
Waiting for 1 sub-compilation(s) to finish...
Compiled 7 VHDL Units
Built simulation executable F:/purfard/LOGIC CIRCUITS FINAL PROJECT/final2/final2/testfinal2_isim_beh.exe
Fuse Memory Usage: 34212 KB
Fuse CPU Usage: 374 ms
